2020-03-29 16:58:22,826:__main__:Scraping subreddits
2020-03-29 17:16:57,801:__main__:Done with program
2020-03-30 10:00:01,788:__main__:Scraping subreddits
2020-03-30 10:00:01,788:__main__:Scraping subreddit "deeplearning"
2020-03-30 10:00:41,217:__main__:Success. 949 total posts for "deeplearning"
2020-03-30 10:00:41,219:__main__:Scraping subreddit "tensorflow"
2020-03-30 10:01:22,545:__main__:Success. 962 total posts for "tensorflow"
2020-03-30 10:01:22,547:__main__:Scraping subreddit "scikit_learn"
2020-03-30 10:01:59,898:__main__:Success. 93 total posts for "scikit_learn"
2020-03-30 10:01:59,900:__main__:Scraping subreddit "pandas"
2020-03-30 10:02:37,974:__main__:Success. 161 total posts for "pandas"
2020-03-30 10:02:37,975:__main__:Scraping subreddit "bigdata"
2020-03-30 10:03:28,486:__main__:Success. 545 total posts for "bigdata"
2020-03-30 10:03:28,488:__main__:Scraping subreddit "aws"
2020-03-30 10:04:09,491:__main__:Success. 996 total posts for "aws"
2020-03-30 10:04:09,492:__main__:Scraping subreddit "awscertifications"
2020-03-30 10:04:54,086:__main__:Success. 964 total posts for "awscertifications"
2020-03-30 10:04:54,088:__main__:Scraping subreddit "sublimetext"
2020-03-30 10:05:36,989:__main__:Success. 998 total posts for "sublimetext"
2020-03-30 10:05:36,991:__main__:Scraping subreddit "css"
2020-03-30 10:06:17,892:__main__:Success. 923 total posts for "css"
2020-03-30 10:06:17,894:__main__:Scraping subreddit "html"
2020-03-30 10:07:05,066:__main__:Success. 971 total posts for "html"
2020-03-30 10:07:05,068:__main__:Scraping subreddit "javascript"
2020-03-30 10:07:41,714:__main__:Success. 931 total posts for "javascript"
2020-03-30 10:07:41,716:__main__:Scraping subreddit "shittyprogramming"
2020-03-30 10:08:22,096:__main__:Success. 995 total posts for "shittyprogramming"
2020-03-30 10:08:22,098:__main__:Scraping subreddit "java"
2020-03-30 10:08:58,316:__main__:Success. 813 total posts for "java"
2020-03-30 10:08:58,318:__main__:Scraping subreddit "sql"
2020-03-30 12:26:05,834:__main__:Scraping subreddits
2020-03-30 12:26:05,835:__main__:Scraping subreddit "deeplearning"
2020-03-30 12:26:46,491:__main__:Success. 949 total posts for "deeplearning"
2020-03-30 12:26:46,492:__main__:Scraping subreddit "tensorflow"
2020-03-30 12:27:30,140:__main__:Success. 963 total posts for "tensorflow"
2020-03-30 12:27:30,142:__main__:Scraping subreddit "scikit_learn"
2020-03-30 12:28:11,266:__main__:Success. 93 total posts for "scikit_learn"
2020-03-30 12:28:11,267:__main__:Scraping subreddit "pandas"
2020-03-30 12:28:58,702:__main__:Success. 161 total posts for "pandas"
2020-03-30 12:28:58,703:__main__:Scraping subreddit "bigdata"
2020-03-30 12:29:39,383:__main__:Success. 544 total posts for "bigdata"
2020-03-30 12:29:39,385:__main__:Scraping subreddit "aws"
2020-03-30 12:30:22,525:__main__:Success. 998 total posts for "aws"
2020-03-30 12:30:22,527:__main__:Scraping subreddit "awscertifications"
2020-03-30 12:31:02,212:__main__:Success. 963 total posts for "awscertifications"
2020-03-30 12:31:02,215:__main__:Scraping subreddit "sublimetext"
2020-03-30 12:31:44,051:__main__:Success. 999 total posts for "sublimetext"
2020-03-30 12:31:44,053:__main__:Scraping subreddit "css"
2020-03-30 12:32:22,519:__main__:Success. 923 total posts for "css"
2020-03-30 12:32:22,522:__main__:Scraping subreddit "html"
2020-03-30 12:33:06,525:__main__:Success. 971 total posts for "html"
2020-03-30 12:33:06,526:__main__:Scraping subreddit "javascript"
2020-03-30 12:33:43,608:__main__:Success. 932 total posts for "javascript"
2020-03-30 12:33:43,610:__main__:Scraping subreddit "shittyprogramming"
2020-03-30 12:34:21,072:__main__:Success. 995 total posts for "shittyprogramming"
2020-03-30 12:34:21,073:__main__:Scraping subreddit "java"
2020-03-30 12:34:56,090:__main__:Success. 812 total posts for "java"
2020-03-30 12:34:56,092:__main__:Scraping subreddit "sql"
2020-03-30 12:35:41,915:__main__:Success. 960 total posts for "sql"
2020-03-30 12:35:41,917:__main__:Scraping subreddit "learnsql"
2020-03-30 12:36:23,190:__main__:Success. 952 total posts for "learnsql"
2020-03-30 12:36:23,192:__main__:Scraping subreddit "postgresql"
2020-03-30 12:37:16,993:__main__:Success. 992 total posts for "postgresql"
2020-03-30 12:37:16,996:__main__:Scraping subreddit "softwarearchitecture"
2020-03-30 12:37:56,460:__main__:Success. 903 total posts for "softwarearchitecture"
2020-03-30 12:37:56,462:__main__:Scraping subreddit "scala"
2020-03-30 12:38:37,789:__main__:Success. 932 total posts for "scala"
2020-03-30 12:38:37,791:__main__:Scraping subreddit "apachespark"
2020-03-30 12:39:17,626:__main__:Success. 909 total posts for "apachespark"
2020-03-30 12:39:17,628:__main__:Scraping subreddit "mongodb"
2020-03-30 12:41:57,594:__main__:Success. 952 total posts for "mongodb"
2020-03-30 12:41:57,596:__main__:Scraping subreddit "linux"
2020-03-30 12:42:42,686:__main__:Success. 904 total posts for "linux"
2020-03-30 12:42:42,689:__main__:Scraping subreddit "linux4noobs"
2020-03-30 12:43:22,350:__main__:Success. 997 total posts for "linux4noobs"
2020-03-30 12:43:22,353:__main__:Scraping subreddit "datascience"
2020-03-30 12:44:04,784:__main__:Success. 675 total posts for "datascience"
2020-03-30 12:44:04,786:__main__:Scraping subreddit "machinelearning"
2020-03-30 12:44:55,621:__main__:Success. 992 total posts for "machinelearning"
2020-03-30 12:44:55,624:__main__:Scraping subreddit "etl"
2020-03-30 12:45:36,470:__main__:Success. 374 total posts for "etl"
2020-03-30 12:45:36,472:__main__:Scraping subreddit "python"
2020-03-30 12:46:20,599:__main__:Success. 919 total posts for "python"
2020-03-30 12:46:20,601:__main__:Scraping subreddit "dataengineering"
2020-04-02 10:48:19,327:scraper:Scraping subreddit "datascience"
